[I 2024-12-21 21:32:56.749 ServerApp] Package jupyterlab took 0.0000s to import
[I 2024-12-21 21:32:56.891 ServerApp] Package jupyter_lsp took 0.1417s to import
[W 2024-12-21 21:32:56.891 ServerApp] A `_jupyter_server_extension_points` function was not found in jupyter_lsp. Instead, a `_jupyter_server_extension_paths` function was found and will be used for now. This function name will be deprecated in future releases of Jupyter Server.
[I 2024-12-21 21:32:56.944 ServerApp] Package jupyter_server_terminals took 0.0526s to import
[I 2024-12-21 21:32:56.945 ServerApp] Package notebook took 0.0000s to import
[I 2024-12-21 21:32:56.949 ServerApp] Package notebook_shim took 0.0000s to import
[W 2024-12-21 21:32:56.949 ServerApp] A `_jupyter_server_extension_points` function was not found in notebook_shim. Instead, a `_jupyter_server_extension_paths` function was found and will be used for now. This function name will be deprecated in future releases of Jupyter Server.
[I 2024-12-21 21:32:56.951 ServerApp] jupyter_lsp | extension was successfully linked.
[I 2024-12-21 21:32:56.956 ServerApp] jupyter_server_terminals | extension was successfully linked.
[W 2024-12-21 21:32:56.960 LabApp] 'allow_origin' has moved from NotebookApp to ServerApp. This config will be passed to ServerApp. Be sure to update your config before our next release.
[W 2024-12-21 21:32:56.960 LabApp] 'port_retries' has moved from NotebookApp to ServerApp. This config will be passed to ServerApp. Be sure to update your config before our next release.
[I 2024-12-21 21:32:56.963 ServerApp] jupyterlab | extension was successfully linked.
[I 2024-12-21 21:32:56.968 ServerApp] notebook | extension was successfully linked.
[I 2024-12-21 21:32:58.358 ServerApp] notebook_shim | extension was successfully linked.
[I 2024-12-21 21:32:58.570 ServerApp] notebook_shim | extension was successfully loaded.
[I 2024-12-21 21:32:58.573 ServerApp] jupyter_lsp | extension was successfully loaded.
[I 2024-12-21 21:32:58.575 ServerApp] jupyter_server_terminals | extension was successfully loaded.
[I 2024-12-21 21:32:58.609 LabApp] JupyterLab extension loaded from /om2/user/jackking/anaconda/envs/modular_transformers/lib/python3.8/site-packages/jupyterlab
[I 2024-12-21 21:32:58.609 LabApp] JupyterLab application directory is /net/vast-storage/scratch/vast/evlab/jackking/anaconda/envs/modular_transformers/share/jupyter/lab
[I 2024-12-21 21:32:58.611 LabApp] Extension Manager is 'pypi'.
[I 2024-12-21 21:32:58.613 ServerApp] jupyterlab | extension was successfully loaded.
[I 2024-12-21 21:32:58.618 ServerApp] notebook | extension was successfully loaded.
[I 2024-12-21 21:32:58.618 ServerApp] Serving notebooks from local directory: /net/vast-storage/scratch/vast/evlab/jackking/modular_transformers/modular_transformers/train
[I 2024-12-21 21:32:58.619 ServerApp] Jupyter Server 2.10.1 is running at:
[I 2024-12-21 21:32:58.619 ServerApp] http://node078:8081/lab?token=f196018c54f12944c4a68afd12bbd007783c51d472ea957f
[I 2024-12-21 21:32:58.619 ServerApp]     http://127.0.0.1:8081/lab?token=f196018c54f12944c4a68afd12bbd007783c51d472ea957f
[I 2024-12-21 21:32:58.619 ServerApp] Use Control-C to stop this server and shut down all kernels (twice to skip confirmation).
[C 2024-12-21 21:32:58.645 ServerApp] 
    
    To access the server, open this file in a browser:
        file:///rdma/vast-rdma/vast-home/jackking/.local/share/jupyter/runtime/jpserver-1426405-open.html
    Or copy and paste one of these URLs:
        http://node078:8081/lab?token=f196018c54f12944c4a68afd12bbd007783c51d472ea957f
        http://127.0.0.1:8081/lab?token=f196018c54f12944c4a68afd12bbd007783c51d472ea957f
[I 2024-12-21 21:32:58.718 ServerApp] Skipped non-installed server(s): bash-language-server, dockerfile-language-server-nodejs, javascript-typescript-langserver, jedi-language-server, julia-language-server, pyright, python-language-server, python-lsp-server, r-languageserver, sql-language-server, texlab, typescript-language-server, unified-language-server, vscode-css-languageserver-bin, vscode-html-languageserver-bin, vscode-json-languageserver-bin, yaml-language-server
slurmstepd: error: *** JOB 39746475 ON node078 CANCELLED AT 2024-12-23T21:33:12 DUE TO TIME LIMIT ***
