/om2/user/jackking/anaconda/envs/modular_transformers/bin/python
The following values were not passed to `accelerate launch` and had defaults used instead:
	`--dynamo_backend` was set to a value of `'no'`
To avoid this warning pass in values for each of the problematic parameters or run `accelerate config`.
wandb: Currently logged in as: jack-g-king. Use `wandb login --relogin` to force relogin
wandb: Appending key for api.wandb.ai to your netrc file: /home/jackking/.netrc
Traceback (most recent call last):
  File "/om2/user/jackking/modular_transformers/modular_transformers/train/accelerate_train_gpt2.py", line 71, in <module>
    grouped_pad_train = load_from_disk(
  File "/om2/user/jackking/anaconda/envs/modular_transformers/lib/python3.8/site-packages/datasets/load.py", line 1870, in load_from_disk
    raise FileNotFoundError(f"Directory {dataset_path} not found")
FileNotFoundError: Directory /om/user/ehoseini/MyData/miniBERTa_v2/miniBERTa-100M-crunched/train_context_len_1024 not found
Traceback (most recent call last):
  File "/om2/user/jackking/anaconda/envs/modular_transformers/bin/accelerate", line 8, in <module>
    sys.exit(main())
  File "/om2/user/jackking/anaconda/envs/modular_transformers/lib/python3.8/site-packages/accelerate/commands/accelerate_cli.py", line 45, in main
    args.func(args)
  File "/om2/user/jackking/anaconda/envs/modular_transformers/lib/python3.8/site-packages/accelerate/commands/launch.py", line 915, in launch_command
    simple_launcher(args)
  File "/om2/user/jackking/anaconda/envs/modular_transformers/lib/python3.8/site-packages/accelerate/commands/launch.py", line 578, in simple_launcher
    raise subprocess.CalledProcessError(returncode=process.returncode, cmd=cmd)
subprocess.CalledProcessError: Command '['/om2/user/jackking/anaconda/envs/modular_transformers/bin/python', '/om2/user/jackking/modular_transformers/modular_transformers/train/accelerate_train_gpt2.py']' returned non-zero exit status 1.
